<?xml version="1.0" encoding="UTF-8"?>
<testng-results ignored="0" total="2" passed="2" failed="0" skipped="0">
  <reporter-output>
  </reporter-output>
  <suite started-at="2025-04-22T19:29:42 IST" name="Suite" finished-at="2025-04-22T19:30:10 IST" duration-ms="28192">
    <groups>
    </groups>
    <test started-at="2025-04-22T19:29:42 IST" name="Test" finished-at="2025-04-22T19:30:10 IST" duration-ms="28192">
      <class name="test.ForgotPasswordTest">
        <test-method is-config="true" signature="setupReport()[pri:0, instance:test.ForgotPasswordTest@6f53b8a]" started-at="2025-04-22T19:29:41 IST" name="setupReport" finished-at="2025-04-22T19:29:42 IST" duration-ms="381" status="PASS">
          <reporter-output>
          </reporter-output>
        </test-method> <!-- setupReport -->
        <test-method is-config="true" signature="setup()[pri:0, instance:test.ForgotPasswordTest@6f53b8a]" started-at="2025-04-22T19:29:42 IST" name="setup" finished-at="2025-04-22T19:29:48 IST" duration-ms="6121" status="PASS">
          <reporter-output>
          </reporter-output>
        </test-method> <!-- setup -->
        <test-method signature="testForgotPasswordFlow()[pri:1, instance:test.ForgotPasswordTest@6f53b8a]" started-at="2025-04-22T19:29:48 IST" name="testForgotPasswordFlow" finished-at="2025-04-22T19:29:59 IST" duration-ms="10738" status="PASS">
          <reporter-output>
          </reporter-output>
        </test-method> <!-- testForgotPasswordFlow -->
        <test-method is-config="true" signature="tearDown()[pri:0, instance:test.ForgotPasswordTest@6f53b8a]" started-at="2025-04-22T19:29:59 IST" name="tearDown" finished-at="2025-04-22T19:29:59 IST" duration-ms="497" status="PASS">
          <reporter-output>
          </reporter-output>
        </test-method> <!-- tearDown -->
        <test-method is-config="true" signature="setup()[pri:0, instance:test.ForgotPasswordTest@6f53b8a]" started-at="2025-04-22T19:29:59 IST" name="setup" finished-at="2025-04-22T19:30:01 IST" duration-ms="1633" status="PASS">
          <reporter-output>
          </reporter-output>
        </test-method> <!-- setup -->
        <test-method signature="testDirectLogin()[pri:2, instance:test.ForgotPasswordTest@6f53b8a]" started-at="2025-04-22T19:30:01 IST" name="testDirectLogin" finished-at="2025-04-22T19:30:09 IST" duration-ms="8777" status="PASS">
          <reporter-output>
          </reporter-output>
        </test-method> <!-- testDirectLogin -->
        <test-method is-config="true" signature="tearDown()[pri:0, instance:test.ForgotPasswordTest@6f53b8a]" started-at="2025-04-22T19:30:09 IST" name="tearDown" finished-at="2025-04-22T19:30:10 IST" duration-ms="341" status="PASS">
          <reporter-output>
          </reporter-output>
        </test-method> <!-- tearDown -->
        <test-method is-config="true" signature="tearDownReport()[pri:0, instance:test.ForgotPasswordTest@6f53b8a]" started-at="2025-04-22T19:30:10 IST" name="tearDownReport" finished-at="2025-04-22T19:30:11 IST" duration-ms="761" status="PASS">
          <reporter-output>
          </reporter-output>
        </test-method> <!-- tearDownReport -->
      </class> <!-- test.ForgotPasswordTest -->
    </test> <!-- Test -->
  </suite> <!-- Suite -->
</testng-results>
